Got map
Got time
New player	2	team1	7	7	2
New player	3	team1	4	8	1
New player	4	team1	6	2	2
New player	5	team1	2	8	1
New player	6	team1	9	8	2
New player	7	team1	5	6	3
New player	8	team1	7	0	1
New player	10	team1	5	0	4
New player	9	team1	0	8	2
New player	11	team1	7	6	1
THIS IS IT: 	759	o 2 3
THIS IS IT: 	1	o 7 4
THIS IS IT: 	3	o 8 2
THIS IS IT: 	5	o 10 1
THIS IS IT: 	7	o 11 2
THIS IS IT: 	9	o 6 3
THIS IS IT: 	11	o 9 3
THIS IS IT: 	1	o 4 3
THIS IS IT: 	3	o 5 2
THIS IS IT: 	5	o 3 2
THIS IS IT: 	1	o 2 2
THIS IS IT: 	1	o 7 3
THIS IS IT: 	3	o 8 1
THIS IS IT: 	5	o 10 4
THIS IS IT: 	7	o 11 1
THIS IS IT: 	3	o 6 2
THIS IS IT: 	5	o 9 2
THIS IS IT: 	7	o 3 1
THIS IS IT: 	9	o 4 2
THIS IS IT: 	11	o 5 1
else	^ 2 1
else	^ 11 1
else	^ 7 1
else	^ 8 1
else	^ 10 1
else	^ 6 1
else	^ 9 1
else	^ 3 1
else	^ 5 1
THIS IS IT: 	1	o 2 1
else	v 11 1
else	v 8 1
else	v 6 1
else	v 10 1
else	v 5 1
THIS IS IT: 	1	o 7 2
THIS IS IT: 	3	o 9 1
THIS IS IT: 	5	o 3 4
THIS IS IT: 	7	o 4 1
THIS IS IT: 	1	o 2 2
THIS IS IT: 	1	o 11 4
THIS IS IT: 	5	o 5 4
THIS IS IT: 	7	o 6 1
THIS IS IT: 	9	o 8 4
THIS IS IT: 	11	o 10 3
THIS IS IT: 	3	o 7 3
THIS IS IT: 	13	o 3 1
THIS IS IT: 	15	o 4 2
THIS IS IT: 	17	o 9 2
THIS IS IT: 	1	o 11 1
THIS IS IT: 	5	o 5 1
THIS IS IT: 	7	o 6 2
THIS IS IT: 	9	o 8 1
THIS IS IT: 	11	o 10 4
else	^ 2 2
THIS IS IT: 	1	o 2 1
else	^ 7 2
else	^ 4 1
else	^ 3 3
else	^ 9 2
else	^ 11 1
else	^ 5 2
else	^ 6 2
else	^ 8 2
else	^ 10 2
else	v 4 1
THIS IS IT: 	3	o 7 2
THIS IS IT: 	5	o 2 2
THIS IS IT: 	7	o 3 4
THIS IS IT: 	9	o 9 1
THIS IS IT: 	1	o 11 4
THIS IS IT: 	7	o 6 1
THIS IS IT: 	9	o 8 4
THIS IS IT: 	11	o 10 3
THIS IS IT: 	15	o 5 4
THIS IS IT: 	1	o 4 1
THIS IS IT: 	1	o 7 3
THIS IS IT: 	3	o 3 1
THIS IS IT: 	11	o 9 2
THIS IS IT: 	3	o 11 1
else	^ 2 3
THIS IS IT: 	7	o 6 2
THIS IS IT: 	9	o 8 1
THIS IS IT: 	11	o 10 4
THIS IS IT: 	15	o 5 1
THIS IS IT: 	1	o 4 2
else	^ 3 2
else	^ 9 3
else	^ 11 2
else	^ 6 1
else	^ 8 1
else	^ 10 1
else	^ 5 3
else	^ 4 2
THIS IS IT: 	1	o 11 4
THIS IS IT: 	3	o 7 2
THIS IS IT: 	5	o 5 4
THIS IS IT: 	7	o 8 4
THIS IS IT: 	11	o 6 1
THIS IS IT: 	1	o 4 1
THIS IS IT: 	3	o 11 1
THIS IS IT: 	5	o 7 3
THIS IS IT: 	7	o 5 1
THIS IS IT: 	9	o 8 1
THIS IS IT: 	1	o 6 2
else	^ 10 3
THIS IS IT: 	1	o 4 2
else	^ 10 0
else	^ 10 0
else	^ 11 3
else	^ 7 3
else	^ 5 1
else	^ 6 3
else	^ 8 3
THIS IS IT: 	1	o 10 1
else	^ 4 1
else	^ 11 0
else	^ 7 0
else	^ 5 0
else	^ 8 0
else	^ 6 0
else	^ 4 0
else	^ 11 0
else	^ 7 0
else	^ 5 0
else	^ 6 0
else	^ 4 0
else	^ 10 0
THIS IS IT: 	1	o 7 4
else	^ 5 0
else	^ 11 0
else	^ 10 0
THIS IS IT: 	3	o 5 2
THIS IS IT: 	1	o 10 2
else	^ 4 0
THIS IS IT: 	3	o 7 1
else	^ 4 0
else	^ 5 0
else	^ 10 0
else	^ 5 0
else	^ 7 0
else	^ 10 0
THIS IS IT: 	1	o 5 1
else	^ 7 0
THIS IS IT: 	3	o 7 4
else	^ 5 0
THIS IS IT: 	1	o 7 3
else	^ 5 0
THIS IS IT: 	1	o 5 4
else	^ 7 0
else	^ 5 0
else	^ 5 0
THIS IS IT: 	1	o 7 2
else	^ 11 0
else	^ 7 0
THIS IS IT: 	1	o 7 1
THIS IS IT: 	1	o 7 4
else	^ 7 0
else	^ 7 0
else	^ 4 0
else	^ 8 0
else	^ 5 0
else	^ 7 0
THIS IS IT: 	1	o 5 1
else	^ 10 0
THIS IS IT: 	1	o 7 3
else	^ 5 0
THIS IS IT: 	1	o 7 2
else	^ 5 0
else	^ 5 0
THIS IS IT: 	1	o 7 1
THIS IS IT: 	1	o 5 4
THIS IS IT: 	1	o 5 3
THIS IS IT: 	1	o 7 4
THIS IS IT: 	1	o 5 2
THIS IS IT: 	1	o 5 1
THIS IS IT: 	3	o 7 3
THIS IS IT: 	3	o 7 2
THIS IS IT: 	1	o 7 1
THIS IS IT: 	1	o 7 4
else	^ 6 0
THIS IS IT: 	1	o 7 3
THIS IS IT: 	1	o 7 2
THIS IS IT: 	1	o 7 3
THIS IS IT: 	1	o 5 4
THIS IS IT: 	1	o 5 3
THIS IS IT: 	687	o 7 4
else	^ 4 0
THIS IS IT: 	1	o 5 2
else	^ 6 0
else	^ 8 0
THIS IS IT: 	1	o 5 1
THIS IS IT: 	3	o 7 1
THIS IS IT: 	1	o 5 4
THIS IS IT: 	3	o 7 2
THIS IS IT: 	1	o 5 3
THIS IS IT: 	1	o 5 2
