Listening on port 4242

---[ Cycle 00 ]-----------------------------------
Clients A: 0  C: 0  G: 0
--------------------------------------------------

---[ Cycle 01 ]-----------------------------------
Clients A: 0  C: 0  G: 0
--------------------------------------------------

---[ Cycle 02 ]-----------------------------------
Clients A: 0  C: 0  G: 0
--------------------------------------------------

---[ Cycle 03 ]-----------------------------------
Client #1 created.
Clients A: 0  C: 0  G: 1
--------------------------------------------------

---[ Cycle 04 ]-----------------------------------
Client #2 created.
Clients A: 0  C: 1  G: 1
--------------------------------------------------

---[ Cycle 05 ]-----------------------------------
Client #3 created.
Clients A: 0  C: 2  G: 1
--------------------------------------------------

---[ Cycle 06 ]-----------------------------------
Client #4 created.
Client #5 created.
Clients A: 0  C: 4  G: 1
--------------------------------------------------

---[ Cycle 07 ]-----------------------------------
Client #6 created.
Client #7 created.
Client #8 created.
Client #9 created.
Clients A: 0  C: 8  G: 1
--------------------------------------------------

---[ Cycle 08 ]-----------------------------------
Client #10 created.
Client #11 created.
Client #12 created.
Client #13 created.
Client #14 created.
Client #15 created.
Client #16 created.
Client #17 created.
Client #12 disconnected.
Client #13 disconnected.
Client #14 disconnected.
Client #15 disconnected.
Client #16 disconnected.
Client #17 disconnected.
Clients A: 0  C: 10  G: 1
--------------------------------------------------

---[ Cycle 09 ]-----------------------------------


















































Clients A: 0  C: 10  G: 1
--------------------------------------------------

---[ Cycle 10 ]-----------------------------------
Clients A: 0  C: 10  G: 1
--------------------------------------------------

---[ Cycle 11 ]-----------------------------------
Clients A: 0  C: 10  G: 1
--------------------------------------------------

---[ Cycle 12 ]-----------------------------------
Clients A: 0  C: 10  G: 1
--------------------------------------------------

---[ Cycle 13 ]-----------------------------------
Clients A: 0  C: 10  G: 1
--------------------------------------------------

---[ Cycle 14 ]-----------------------------------
Clients A: 0  C: 10  G: 1
--------------------------------------------------

---[ Cycle 15 ]-----------------------------------
Clients A: 0  C: 10  G: 1
--------------------------------------------------

---[ Cycle 16 ]-----------------------------------
Clients A: 0  C: 10  G: 1
--------------------------------------------------

---[ Cycle 17 ]-----------------------------------
Clients A: 0  C: 10  G: 1
--------------------------------------------------

---[ Cycle 18 ]-----------------------------------
Clients A: 0  C: 10  G: 1
--------------------------------------------------

---[ Cycle 19 ]-----------------------------------
Clients A: 0  C: 10  G: 1
--------------------------------------------------

---[ Cycle 20 ]-----------------------------------
Clients A: 0  C: 10  G: 1
--------------------------------------------------

---[ Cycle 21 ]-----------------------------------
Clients A: 0  C: 10  G: 1
--------------------------------------------------

---[ Cycle 22 ]-----------------------------------
Clients A: 0  C: 10  G: 1
--------------------------------------------------

---[ Cycle 23 ]-----------------------------------
Clients A: 0  C: 10  G: 1
--------------------------------------------------

---[ Cycle 24 ]-----------------------------------
Clients A: 0  C: 10  G: 1
--------------------------------------------------

---[ Cycle 25 ]-----------------------------------
Clients A: 0  C: 10  G: 1
--------------------------------------------------

---[ Cycle 26 ]-----------------------------------
Clients A: 0  C: 10  G: 1
--------------------------------------------------

---[ Cycle 27 ]-----------------------------------
Clients A: 0  C: 10  G: 1
--------------------------------------------------

---[ Cycle 28 ]-----------------------------------
Clients A: 0  C: 10  G: 1
--------------------------------------------------

---[ Cycle 29 ]-----------------------------------
Clients A: 0  C: 10  G: 1
--------------------------------------------------

---[ Cycle 30 ]-----------------------------------
Clients A: 0  C: 10  G: 1
--------------------------------------------------

---[ Cycle 31 ]-----------------------------------
Clients A: 0  C: 10  G: 1
--------------------------------------------------

---[ Cycle 32 ]-----------------------------------
Clients A: 0  C: 10  G: 1
--------------------------------------------------

---[ Cycle 33 ]-----------------------------------
Clients A: 0  C: 10  G: 1
--------------------------------------------------

---[ Cycle 34 ]-----------------------------------

Client #2 disconnected.
Client #3 disconnected.
Client #4 disconnected.
Client #5 disconnected.
Client #6 disconnected.
Client #7 disconnected.
Client #8 disconnected.
Client #9 disconnected.
Client #10 disconnected.
Client #11 disconnected.
Client #1 disconnected.
Server disconnected.
